2019-04-19 09:57:58,858 [App:DEBUG] Starting TempMonitorGui
2019-04-19 09:58:01,929 [App:DEBUG] _apiFrameCb_apiLoaded
2019-04-19 09:58:06,659 [SerialConnector:INFO] creating object
2019-04-19 09:58:06,659 [Hdlc:INFO] Creating object
2019-04-19 09:58:06,661 [Hdlc:INFO] opened port /dev/ttyUSB3@115200baud
2019-04-19 09:58:06,661 [SerialConnector:INFO] hdlc notification: connection state=True
2019-04-19 09:58:06,661 [Hdlc:INFO] thread started
2019-04-19 09:58:06,662 [ByteArraySerializer:DEBUG] serialize ...
- commandArray:     ['hello']
- fieldsToFill:     {'cliSeqNo': 255, 'version': 4, 'mode': 0}
2019-04-19 09:58:06,662 [ByteArraySerializer:DEBUG] ... serialize into
- cmdId:            1
- byteArray:        04-ff-00
2019-04-19 09:58:06,662 [SerialConnector:DEBUG] _sendInternal cmdId=1 retry=0 isResponse=False serializedFields=[4, 255, 0]
2019-04-19 09:58:06,662 [SerialConnector:DEBUG] ---------- pcToMote DATA (0) ---------->
2019-04-19 09:58:06,662 [Crc:DEBUG] calculating for data=00-01-00-03-04-ff-00
2019-04-19 09:58:06,663 [Crc:DEBUG] fcs=0x3731
2019-04-19 09:58:06,663 [Hdlc:DEBUG] 
packetToSend:
 - payload: 00 01 00 03 04 ff 00
 - fcs:     37 31
 - valid:   True
2019-04-19 09:58:06,667 [Crc:DEBUG] calculating for data=00-02-00-05-00-04-00-ff-00
2019-04-19 09:58:06,667 [Crc:DEBUG] fcs=0x2323
2019-04-19 09:58:06,667 [Hdlc:DEBUG] 
receivedFrame:
 - payload: 00 02 00 05 00 04 00 ff 00
 - fcs:     23 23
 - valid:   True
2019-04-19 09:58:06,667 [SerialConnector:DEBUG] cmdId=2 length=5 isResponse=False packetId=0 payload=[0, 4, 0, 255, 0]
2019-04-19 09:58:06,667 [SerialConnector:DEBUG] <--------- moteToPc DATA (0) ----------
2019-04-19 09:58:06,667 [SerialConnector:DEBUG] no ack needed
2019-04-19 09:58:06,667 [ByteArraySerializer:DEBUG] deserialize ...
- type:             command
- id:               2
- byteArray:        00-04-00-ff-00
2019-04-19 09:58:06,667 [ByteArraySerializer:DEBUG] ... deserialized into
- nameArray:        ['hello_response']
- returnFields:     {'cliSeqNo': 255, 'version': 4, 'successCode': 0, 'mgrSeqNo': 0, 'mode': 0}
2019-04-19 09:58:06,670 [App:DEBUG] _connectionFrameCb_connected
2019-04-19 09:58:06,671 [App:DEBUG] Initialize notifClient
2019-04-19 09:58:06,671 [ByteArraySerializer:DEBUG] serialize ...
- commandArray:     ['subscribe']
- fieldsToFill:     {'filter': [0, 16], 'unackFilter': [0, 16]}
2019-04-19 09:58:06,671 [ByteArraySerializer:DEBUG] ... serialize into
- cmdId:            22
- byteArray:        00-00-00-10-00-00-00-10
2019-04-19 09:58:06,671 [SerialConnector:DEBUG] _sendInternal cmdId=22 retry=0 isResponse=False serializedFields=[0, 0, 0, 16, 0, 0, 0, 16]
2019-04-19 09:58:06,672 [SerialConnector:DEBUG] ---------- pcToMote DATA (0) ---------->
2019-04-19 09:58:06,672 [Crc:DEBUG] calculating for data=02-16-00-08-00-00-00-10-00-00-00-10
2019-04-19 09:58:06,672 [Crc:DEBUG] fcs=0x5c3d
2019-04-19 09:58:06,672 [Hdlc:DEBUG] 
packetToSend:
 - payload: 02 16 00 08 00 00 00 10 00 00 00 10
 - fcs:     5c 3d
 - valid:   True
2019-04-19 09:58:06,676 [Crc:DEBUG] calculating for data=03-16-00-01-00
2019-04-19 09:58:06,676 [Crc:DEBUG] fcs=0x5843
2019-04-19 09:58:06,676 [Hdlc:DEBUG] 
receivedFrame:
 - payload: 03 16 00 01 00
 - fcs:     58 43
 - valid:   True
2019-04-19 09:58:06,676 [SerialConnector:DEBUG] cmdId=22 length=1 isResponse=True packetId=0 payload=[0]
2019-04-19 09:58:06,676 [SerialConnector:DEBUG] <--------- pcToMote ACK (0) after 0.004 --------
2019-04-19 09:58:06,676 [SerialConnector:DEBUG] no ack needed
2019-04-19 09:58:06,676 [ByteArraySerializer:DEBUG] deserialize ...
- type:             command
- id:               22
- byteArray:        00
2019-04-19 09:58:06,676 [ByteArraySerializer:DEBUG] ... deserialized into
- nameArray:        ['subscribe']
- returnFields:     {'RC': 0}
2019-04-19 09:58:06,679 [ByteArraySerializer:DEBUG] serialize ...
- commandArray:     ['subscribe']
- fieldsToFill:     {'filter': [0, 18], 'unackFilter': [0, 16]}
2019-04-19 09:58:06,680 [ByteArraySerializer:DEBUG] ... serialize into
- cmdId:            22
- byteArray:        00-00-00-12-00-00-00-10
2019-04-19 09:58:06,680 [SerialConnector:DEBUG] _sendInternal cmdId=22 retry=0 isResponse=False serializedFields=[0, 0, 0, 18, 0, 0, 0, 16]
2019-04-19 09:58:06,680 [SerialConnector:DEBUG] ---------- pcToMote DATA (1) ---------->
2019-04-19 09:58:06,680 [Crc:DEBUG] calculating for data=02-16-01-08-00-00-00-12-00-00-00-10
2019-04-19 09:58:06,680 [Crc:DEBUG] fcs=0xf3 7
2019-04-19 09:58:06,680 [Hdlc:DEBUG] 
packetToSend:
 - payload: 02 16 01 08 00 00 00 12 00 00 00 10
 - fcs:     f3 07
 - valid:   True
2019-04-19 09:58:06,684 [Crc:DEBUG] calculating for data=03-16-01-01-00
2019-04-19 09:58:06,684 [Crc:DEBUG] fcs=0x8419
2019-04-19 09:58:06,684 [Hdlc:DEBUG] 
receivedFrame:
 - payload: 03 16 01 01 00
 - fcs:     84 19
 - valid:   True
2019-04-19 09:58:06,684 [SerialConnector:DEBUG] cmdId=22 length=1 isResponse=True packetId=1 payload=[0]
2019-04-19 09:58:06,684 [SerialConnector:DEBUG] <--------- pcToMote ACK (1) after 0.004 --------
2019-04-19 09:58:06,685 [SerialConnector:DEBUG] no ack needed
2019-04-19 09:58:06,685 [ByteArraySerializer:DEBUG] deserialize ...
- type:             command
- id:               22
- byteArray:        00
2019-04-19 09:58:06,685 [ByteArraySerializer:DEBUG] ... deserialized into
- nameArray:        ['subscribe']
- returnFields:     {'RC': 0}
2019-04-19 09:58:06,688 [ByteArraySerializer:DEBUG] serialize ...
- commandArray:     ['getMoteConfig']
- fieldsToFill:     {'macAddress': (0, 0, 0, 0, 0, 0, 0, 0), 'next': True}
2019-04-19 09:58:06,688 [ByteArraySerializer:DEBUG] ... serialize into
- cmdId:            47
- byteArray:        00-00-00-00-00-00-00-00-01
2019-04-19 09:58:06,688 [SerialConnector:DEBUG] _sendInternal cmdId=47 retry=0 isResponse=False serializedFields=[0, 0, 0, 0, 0, 0, 0, 0, True]
2019-04-19 09:58:06,689 [SerialConnector:DEBUG] ---------- pcToMote DATA (2) ---------->
2019-04-19 09:58:06,689 [Crc:DEBUG] calculating for data=02-2f-02-09-00-00-00-00-00-00-00-00-01
2019-04-19 09:58:06,689 [Crc:DEBUG] fcs=0xd098
2019-04-19 09:58:06,689 [Hdlc:DEBUG] 
packetToSend:
 - payload: 02 2f 02 09 00 00 00 00 00 00 00 00 01
 - fcs:     d0 98
 - valid:   True
2019-04-19 09:58:06,695 [Crc:DEBUG] calculating for data=03-2f-02-0f-00-00-17-0d-00-00-38-06-d5-00-01-01-04-01-01
2019-04-19 09:58:06,695 [Crc:DEBUG] fcs=0x823c
2019-04-19 09:58:06,695 [Hdlc:DEBUG] 
receivedFrame:
 - payload: 03 2f 02 0f 00 00 17 0d 00 00 38 06 d5 00 01 01 04 01 01
 - fcs:     82 3c
 - valid:   True
2019-04-19 09:58:06,695 [SerialConnector:DEBUG] cmdId=47 length=15 isResponse=True packetId=2 payload=[0, 0, 23, 13, 0, 0, 56, 6, 213, 0, 1, 1, 4, 1, 1]
2019-04-19 09:58:06,695 [SerialConnector:DEBUG] <--------- pcToMote ACK (2) after 0.007 --------
2019-04-19 09:58:06,695 [SerialConnector:DEBUG] no ack needed
2019-04-19 09:58:06,696 [ByteArraySerializer:DEBUG] deserialize ...
- type:             command
- id:               47
- byteArray:        00-00-17-0d-00-00-38-06-d5-00-01-01-04-01-01
2019-04-19 09:58:06,696 [ByteArraySerializer:DEBUG] ... deserialized into
- nameArray:        ['getMoteConfig']
- returnFields:     {'macAddress': [0, 23, 13, 0, 0, 56, 6, 213], 'reserved': 1, 'state': 4, 'isRouting': True, 'RC': 0, 'moteId': 1, 'isAP': True}
2019-04-19 09:58:06,697 [ByteArraySerializer:DEBUG] serialize ...
- commandArray:     ['getMoteConfig']
- fieldsToFill:     {'macAddress': [0, 23, 13, 0, 0, 56, 6, 213], 'next': True}
2019-04-19 09:58:06,697 [ByteArraySerializer:DEBUG] ... serialize into
- cmdId:            47
- byteArray:        00-17-0d-00-00-38-06-d5-01
2019-04-19 09:58:06,697 [SerialConnector:DEBUG] _sendInternal cmdId=47 retry=0 isResponse=False serializedFields=[0, 23, 13, 0, 0, 56, 6, 213, True]
2019-04-19 09:58:06,697 [SerialConnector:DEBUG] ---------- pcToMote DATA (3) ---------->
2019-04-19 09:58:06,698 [Crc:DEBUG] calculating for data=02-2f-03-09-00-17-0d-00-00-38-06-d5-01
2019-04-19 09:58:06,698 [Crc:DEBUG] fcs=0x 87a
2019-04-19 09:58:06,698 [Hdlc:DEBUG] 
packetToSend:
 - payload: 02 2f 03 09 00 17 0d 00 00 38 06 d5 01
 - fcs:     08 7a
 - valid:   True
2019-04-19 09:58:06,704 [Crc:DEBUG] calculating for data=03-2f-03-0f-00-00-17-0d-00-00-31-cc-40-00-02-00-04-00-01
2019-04-19 09:58:06,704 [Crc:DEBUG] fcs=0xa24d
2019-04-19 09:58:06,704 [Hdlc:DEBUG] 
receivedFrame:
 - payload: 03 2f 03 0f 00 00 17 0d 00 00 31 cc 40 00 02 00 04 00 01
 - fcs:     a2 4d
 - valid:   True
2019-04-19 09:58:06,704 [SerialConnector:DEBUG] cmdId=47 length=15 isResponse=True packetId=3 payload=[0, 0, 23, 13, 0, 0, 49, 204, 64, 0, 2, 0, 4, 0, 1]
2019-04-19 09:58:06,704 [SerialConnector:DEBUG] <--------- pcToMote ACK (3) after 0.007 --------
2019-04-19 09:58:06,704 [SerialConnector:DEBUG] no ack needed
2019-04-19 09:58:06,705 [ByteArraySerializer:DEBUG] deserialize ...
- type:             command
- id:               47
- byteArray:        00-00-17-0d-00-00-31-cc-40-00-02-00-04-00-01
2019-04-19 09:58:06,705 [ByteArraySerializer:DEBUG] ... deserialized into
- nameArray:        ['getMoteConfig']
- returnFields:     {'macAddress': [0, 23, 13, 0, 0, 49, 204, 64], 'reserved': 0, 'state': 4, 'isRouting': True, 'RC': 0, 'moteId': 2, 'isAP': False}
2019-04-19 09:58:06,706 [ByteArraySerializer:DEBUG] serialize ...
- commandArray:     ['getMoteConfig']
- fieldsToFill:     {'macAddress': [0, 23, 13, 0, 0, 49, 204, 64], 'next': True}
2019-04-19 09:58:06,706 [ByteArraySerializer:DEBUG] ... serialize into
- cmdId:            47
- byteArray:        00-17-0d-00-00-31-cc-40-01
2019-04-19 09:58:06,706 [SerialConnector:DEBUG] _sendInternal cmdId=47 retry=0 isResponse=False serializedFields=[0, 23, 13, 0, 0, 49, 204, 64, True]
2019-04-19 09:58:06,706 [SerialConnector:DEBUG] ---------- pcToMote DATA (4) ---------->
2019-04-19 09:58:06,706 [Crc:DEBUG] calculating for data=02-2f-04-09-00-17-0d-00-00-31-cc-40-01
2019-04-19 09:58:06,707 [Crc:DEBUG] fcs=0x883d
2019-04-19 09:58:06,707 [Hdlc:DEBUG] 
packetToSend:
 - payload: 02 2f 04 09 00 17 0d 00 00 31 cc 40 01
 - fcs:     88 3d
 - valid:   True
2019-04-19 09:58:06,712 [Crc:DEBUG] calculating for data=03-2f-04-0f-00-00-17-0d-00-00-31-c1-a1-00-03-00-04-00-01
2019-04-19 09:58:06,713 [Crc:DEBUG] fcs=0x5b31
2019-04-19 09:58:06,713 [Hdlc:DEBUG] 
receivedFrame:
 - payload: 03 2f 04 0f 00 00 17 0d 00 00 31 c1 a1 00 03 00 04 00 01
 - fcs:     5b 31
 - valid:   True
2019-04-19 09:58:06,713 [SerialConnector:DEBUG] cmdId=47 length=15 isResponse=True packetId=4 payload=[0, 0, 23, 13, 0, 0, 49, 193, 161, 0, 3, 0, 4, 0, 1]
2019-04-19 09:58:06,713 [SerialConnector:DEBUG] <--------- pcToMote ACK (4) after 0.007 --------
2019-04-19 09:58:06,713 [SerialConnector:DEBUG] no ack needed
2019-04-19 09:58:06,713 [ByteArraySerializer:DEBUG] deserialize ...
- type:             command
- id:               47
- byteArray:        00-00-17-0d-00-00-31-c1-a1-00-03-00-04-00-01
2019-04-19 09:58:06,713 [ByteArraySerializer:DEBUG] ... deserialized into
- nameArray:        ['getMoteConfig']
- returnFields:     {'macAddress': [0, 23, 13, 0, 0, 49, 193, 161], 'reserved': 0, 'state': 4, 'isRouting': True, 'RC': 0, 'moteId': 3, 'isAP': False}
2019-04-19 09:58:06,715 [ByteArraySerializer:DEBUG] serialize ...
- commandArray:     ['getMoteConfig']
- fieldsToFill:     {'macAddress': [0, 23, 13, 0, 0, 49, 193, 161], 'next': True}
2019-04-19 09:58:06,715 [ByteArraySerializer:DEBUG] ... serialize into
- cmdId:            47
- byteArray:        00-17-0d-00-00-31-c1-a1-01
2019-04-19 09:58:06,715 [SerialConnector:DEBUG] _sendInternal cmdId=47 retry=0 isResponse=False serializedFields=[0, 23, 13, 0, 0, 49, 193, 161, True]
2019-04-19 09:58:06,715 [SerialConnector:DEBUG] ---------- pcToMote DATA (5) ---------->
2019-04-19 09:58:06,715 [Crc:DEBUG] calculating for data=02-2f-05-09-00-17-0d-00-00-31-c1-a1-01
2019-04-19 09:58:06,715 [Crc:DEBUG] fcs=0x2767
2019-04-19 09:58:06,715 [Hdlc:DEBUG] 
packetToSend:
 - payload: 02 2f 05 09 00 17 0d 00 00 31 c1 a1 01
 - fcs:     27 67
 - valid:   True
2019-04-19 09:58:06,720 [Crc:DEBUG] calculating for data=03-2f-05-01-0b
2019-04-19 09:58:06,720 [Crc:DEBUG] fcs=0xa771
2019-04-19 09:58:06,720 [Hdlc:DEBUG] 
receivedFrame:
 - payload: 03 2f 05 01 0b
 - fcs:     a7 71
 - valid:   True
2019-04-19 09:58:06,720 [SerialConnector:DEBUG] cmdId=47 length=1 isResponse=True packetId=5 payload=[11]
2019-04-19 09:58:06,720 [SerialConnector:DEBUG] <--------- pcToMote ACK (5) after 0.005 --------
2019-04-19 09:58:06,720 [SerialConnector:DEBUG] no ack needed
2019-04-19 09:58:06,721 [ByteArraySerializer:DEBUG] deserialize ...
- type:             command
- id:               47
- byteArray:        0b
2019-04-19 09:58:06,721 [ByteArraySerializer:DEBUG] ... deserialized into
- nameArray:        ['getMoteConfig']
- returnFields:     {'RC': 11}
2019-04-19 09:58:07,672 [ByteArraySerializer:DEBUG] serialize ...
- commandArray:     ['getTime']
- fieldsToFill:     {}
2019-04-19 09:58:07,673 [ByteArraySerializer:DEBUG] ... serialize into
- cmdId:            23
- byteArray:        
2019-04-19 09:58:07,673 [SerialConnector:DEBUG] _sendInternal cmdId=23 retry=0 isResponse=False serializedFields=[]
2019-04-19 09:58:07,673 [SerialConnector:DEBUG] ---------- pcToMote DATA (6) ---------->
2019-04-19 09:58:07,673 [Crc:DEBUG] calculating for data=02-17-06-00
2019-04-19 09:58:07,673 [Crc:DEBUG] fcs=0xe898
2019-04-19 09:58:07,674 [Hdlc:DEBUG] 
packetToSend:
 - payload: 02 17 06 00
 - fcs:     e8 98
 - valid:   True
2019-04-19 09:58:07,680 [Crc:DEBUG] calculating for data=03-17-06-18-00-00-00-07-b5-00-00-00-00-3d-22-70-64-00-07-ae-67-00-00-04-26-c5-0c-4d
2019-04-19 09:58:07,680 [Crc:DEBUG] fcs=0x629b
2019-04-19 09:58:07,681 [Hdlc:DEBUG] 
receivedFrame:
 - payload: 03 17 06 18 00 00 00 07 b5 00 00 00 00 3d 22 70 64 00 07 ae 67 00 00 04 26 c5 0c 4d
 - fcs:     62 9b
 - valid:   True
2019-04-19 09:58:07,681 [SerialConnector:DEBUG] cmdId=23 length=24 isResponse=True packetId=6 payload=[0, 0, 0, 7, 181, 0, 0, 0, 0, 61, 34, 112, 100, 0, 7, 174, 103, 0, 0, 4, 38, 197, 12, 77]
2019-04-19 09:58:07,681 [SerialConnector:DEBUG] <--------- pcToMote ACK (6) after 0.008 --------
2019-04-19 09:58:07,681 [SerialConnector:DEBUG] no ack needed
2019-04-19 09:58:07,681 [ByteArraySerializer:DEBUG] deserialize ...
- type:             command
- id:               23
- byteArray:        00-00-00-07-b5-00-00-00-00-3d-22-70-64-00-07-ae-67-00-00-04-26-c5-0c-4d
2019-04-19 09:58:07,682 [ByteArraySerializer:DEBUG] ... deserialized into
- nameArray:        ['getTime']
- returnFields:     {'uptime': 1973, 'utcUsecs': 503399, 'utcSecs': 1025667172, 'asnOffset': 3149, 'RC': 0, 'asn': [0, 0, 4, 38, 197]}
2019-04-19 09:58:07,690 [LatencyCalculator:INFO] Acquired time: lockNetworkTime=1025667172.5 lockPcTime=1555660687.67
2019-04-19 09:58:08,928 [ByteArraySerializer:DEBUG] serialize ...
- commandArray:     ['sendData']
- fieldsToFill:     {'macAddress': (0, 23, 13, 0, 0, 49, 193, 161), 'srcPort': 61625, 'priority': 0, 'dstPort': 61625, 'data': [5, 0, 2, 255, 2, 3, 2, 0, 1, 1], 'options': 0}
2019-04-19 09:58:08,928 [ByteArraySerializer:DEBUG] ... serialize into
- cmdId:            44
- byteArray:        00-17-0d-00-00-31-c1-a1-00-f0-b9-f0-b9-00-05-00-02-ff-02-03-02-00-01-01
2019-04-19 09:58:08,928 [SerialConnector:DEBUG] _sendInternal cmdId=44 retry=0 isResponse=False serializedFields=[0, 23, 13, 0, 0, 49, 193, 161, 0, 240, 185, 240, 185, 0, 5, 0, 2, 255, 2, 3, 2, 0, 1, 1]
2019-04-19 09:58:08,929 [SerialConnector:DEBUG] ---------- pcToMote DATA (7) ---------->
2019-04-19 09:58:08,929 [Crc:DEBUG] calculating for data=02-2c-07-18-00-17-0d-00-00-31-c1-a1-00-f0-b9-f0-b9-00-05-00-02-ff-02-03-02-00-01-01
2019-04-19 09:58:08,929 [Crc:DEBUG] fcs=0xedf9
2019-04-19 09:58:08,929 [Hdlc:DEBUG] 
packetToSend:
 - payload: 02 2c 07 18 00 17 0d 00 00 31 c1 a1 00 f0 b9 f0 b9 00 05 00 02 ff 02 03 02 00 01 01
 - fcs:     ed f9
 - valid:   True
2019-04-19 09:58:08,938 [Crc:DEBUG] calculating for data=03-2c-07-05-00-00-00-00-01
2019-04-19 09:58:08,938 [Crc:DEBUG] fcs=0x6428
2019-04-19 09:58:08,938 [Hdlc:DEBUG] 
receivedFrame:
 - payload: 03 2c 07 05 00 00 00 00 01
 - fcs:     64 28
 - valid:   True
2019-04-19 09:58:08,938 [SerialConnector:DEBUG] cmdId=44 length=5 isResponse=True packetId=7 payload=[0, 0, 0, 0, 1]
2019-04-19 09:58:08,939 [SerialConnector:DEBUG] <--------- pcToMote ACK (7) after 0.010 --------
2019-04-19 09:58:08,939 [SerialConnector:DEBUG] no ack needed
2019-04-19 09:58:08,939 [ByteArraySerializer:DEBUG] deserialize ...
- type:             command
- id:               44
- byteArray:        00-00-00-00-01
2019-04-19 09:58:08,939 [ByteArraySerializer:DEBUG] ... deserialized into
- nameArray:        ['sendData']
- returnFields:     {'callbackId': 1, 'RC': 0}
2019-04-19 09:58:08,943 [Crc:DEBUG] calculating for data=02-14-01-0b-01-00-00-00-01-0c-00-00-00-01-00
2019-04-19 09:58:08,943 [Crc:DEBUG] fcs=0x70e3
2019-04-19 09:58:08,943 [Hdlc:DEBUG] 
receivedFrame:
 - payload: 02 14 01 0b 01 00 00 00 01 0c 00 00 00 01 00
 - fcs:     70 e3
 - valid:   True
2019-04-19 09:58:08,943 [SerialConnector:DEBUG] cmdId=20 length=11 isResponse=False packetId=1 payload=[1, 0, 0, 0, 1, 12, 0, 0, 0, 1, 0]
2019-04-19 09:58:08,943 [SerialConnector:DEBUG] <--------- moteToPc DATA (1) ----------
2019-04-19 09:58:08,943 [SerialConnector:DEBUG] _sendInternal cmdId=20 retry=0 isResponse=True serializedFields=[0]
2019-04-19 09:58:08,943 [Crc:DEBUG] calculating for data=03-14-01-01-00
2019-04-19 09:58:08,944 [Crc:DEBUG] fcs=0xf220
2019-04-19 09:58:08,944 [Hdlc:DEBUG] 
packetToSend:
 - payload: 03 14 01 01 00
 - fcs:     f2 20
 - valid:   True
2019-04-19 09:58:08,944 [SerialConnector:DEBUG] ---------- moteToPc ACK (1) after 0.001 ------->
2019-04-19 09:58:08,944 [SerialConnector:DEBUG] ack sent
2019-04-19 09:58:08,944 [ByteArraySerializer:DEBUG] deserialize ...
- type:             notification
- id:               20
- byteArray:        01-00-00-00-01-0c-00-00-00-01-00
2019-04-19 09:58:08,944 [ByteArraySerializer:DEBUG] ... deserialized into
- nameArray:        ['notification', 'notifEvent', 'eventPacketSent']
- returnFields:     {'eventId': 1, 'callbackId': 1, 'rc': 0}
2019-04-19 09:58:08,945 [App:DEBUG] notifClient._eventCallback eventPacketSent Tuple_eventPacketSent(eventId=1, callbackId=1, rc=0)
2019-04-19 09:58:10,071 [Crc:DEBUG] calculating for data=00-14-00-21-04-00-00-00-00-3d-22-70-66-00-01-e5-5a-00-17-0d-00-00-31-c1-a1-f0-b9-f0-b9-07-10-02-00-ff-02-03-02
2019-04-19 09:58:10,071 [Crc:DEBUG] fcs=0xd16a
2019-04-19 09:58:10,072 [Hdlc:DEBUG] 
receivedFrame:
 - payload: 00 14 00 21 04 00 00 00 00 3d 22 70 66 00 01 e5 5a 00 17 0d 00 00 31 c1 a1 f0 b9 f0 b9 07 10 02 00 ff 02 03 02
 - fcs:     d1 6a
 - valid:   True
2019-04-19 09:58:10,072 [SerialConnector:DEBUG] cmdId=20 length=33 isResponse=False packetId=0 payload=[4, 0, 0, 0, 0, 61, 34, 112, 102, 0, 1, 229, 90, 0, 23, 13, 0, 0, 49, 193, 161, 240, 185, 240, 185, 7, 16, 2, 0, 255, 2, 3, 2]
2019-04-19 09:58:10,072 [SerialConnector:DEBUG] <--------- moteToPc DATA (0) ----------
2019-04-19 09:58:10,072 [SerialConnector:DEBUG] no ack needed
2019-04-19 09:58:10,073 [ByteArraySerializer:DEBUG] deserialize ...
- type:             notification
- id:               20
- byteArray:        04-00-00-00-00-3d-22-70-66-00-01-e5-5a-00-17-0d-00-00-31-c1-a1-f0-b9-f0-b9-07-10-02-00-ff-02-03-02
2019-04-19 09:58:10,073 [ByteArraySerializer:DEBUG] ... deserialized into
- nameArray:        ['notification', 'notifData']
- returnFields:     {'macAddress': [0, 23, 13, 0, 0, 49, 193, 161], 'srcPort': 61625, 'utcUsecs': 124250, 'utcSecs': 1025667174, 'dstPort': 61625, 'data': [7, 16, 2, 0, 255, 2, 3, 2]}
2019-04-19 09:58:10,073 [App:DEBUG] notifClient._dataCallback notifData:
Tuple_notifData:
             utcSecs: 1025667174
            utcUsecs: 124250
          macAddress: 00-17-0d-00-00-31-c1-a1
             srcPort: 61625
             dstPort: 61625
                data: 07-10-02-00-ff-02-03-02
2019-04-19 09:58:16,185 [Crc:DEBUG] calculating for data=00-14-00-34-04-00-00-00-00-3d-22-70-6c-00-0d-39-be-00-17-0d-00-00-31-cc-40-f0-b9-f0-b9-00-00-05-00-ff-01-05-00-00-00-00-3d-22-70-6c-00-0d-3f-24-00-00-75-30-01-10-09-87
2019-04-19 09:58:16,186 [Crc:DEBUG] fcs=0x3a d
2019-04-19 09:58:16,186 [Hdlc:DEBUG] 
receivedFrame:
 - payload: 00 14 00 34 04 00 00 00 00 3d 22 70 6c 00 0d 39 be 00 17 0d 00 00 31 cc 40 f0 b9 f0 b9 00 00 05 00 ff 01 05 00 00 00 00 3d 22 70 6c 00 0d 3f 24 00 00 75 30 01 10 09 87
 - fcs:     3a 0d
 - valid:   True
2019-04-19 09:58:16,186 [SerialConnector:DEBUG] cmdId=20 length=52 isResponse=False packetId=0 payload=[4, 0, 0, 0, 0, 61, 34, 112, 108, 0, 13, 57, 190, 0, 23, 13, 0, 0, 49, 204, 64, 240, 185, 240, 185, 0, 0, 5, 0, 255, 1, 5, 0, 0, 0, 0, 61, 34, 112, 108, 0, 13, 63, 36, 0, 0, 117, 48, 1, 16, 9, 135]
2019-04-19 09:58:16,186 [SerialConnector:DEBUG] <--------- moteToPc DATA (0) ----------
2019-04-19 09:58:16,187 [SerialConnector:DEBUG] no ack needed
2019-04-19 09:58:16,187 [ByteArraySerializer:DEBUG] deserialize ...
- type:             notification
- id:               20
- byteArray:        04-00-00-00-00-3d-22-70-6c-00-0d-39-be-00-17-0d-00-00-31-cc-40-f0-b9-f0-b9-00-00-05-00-ff-01-05-00-00-00-00-3d-22-70-6c-00-0d-3f-24-00-00-75-30-01-10-09-87
2019-04-19 09:58:16,187 [ByteArraySerializer:DEBUG] ... deserialized into
- nameArray:        ['notification', 'notifData']
- returnFields:     {'macAddress': [0, 23, 13, 0, 0, 49, 204, 64], 'srcPort': 61625, 'utcUsecs': 866750, 'utcSecs': 1025667180, 'dstPort': 61625, 'data': [0, 0, 5, 0, 255, 1, 5, 0, 0, 0, 0, 61, 34, 112, 108, 0, 13, 63, 36, 0, 0, 117, 48, 1, 16, 9, 135]}
2019-04-19 09:58:16,188 [App:DEBUG] notifClient._dataCallback notifData:
Tuple_notifData:
             utcSecs: 1025667180
            utcUsecs: 866750
          macAddress: 00-17-0d-00-00-31-cc-40
             srcPort: 61625
             dstPort: 61625
                data: 00-00-05-00-ff-01-05-00-00-00-00-3d-22-70-6c-00-0d-3f-24-00-00-75-30-01-10-09-87
2019-04-19 09:58:16,240 [ByteArraySerializer:DEBUG] serialize ...
- commandArray:     ['sendData']
- fieldsToFill:     {'macAddress': (0, 23, 13, 0, 0, 49, 193, 161), 'srcPort': 61625, 'priority': 0, 'dstPort': 61625, 'data': [5, 0, 2, 255, 2, 3, 2, 0, 1, 0], 'options': 0}
2019-04-19 09:58:16,240 [ByteArraySerializer:DEBUG] ... serialize into
- cmdId:            44
- byteArray:        00-17-0d-00-00-31-c1-a1-00-f0-b9-f0-b9-00-05-00-02-ff-02-03-02-00-01-00
2019-04-19 09:58:16,240 [SerialConnector:DEBUG] _sendInternal cmdId=44 retry=0 isResponse=False serializedFields=[0, 23, 13, 0, 0, 49, 193, 161, 0, 240, 185, 240, 185, 0, 5, 0, 2, 255, 2, 3, 2, 0, 1, 0]
2019-04-19 09:58:16,241 [SerialConnector:DEBUG] ---------- pcToMote DATA (8) ---------->
2019-04-19 09:58:16,241 [Crc:DEBUG] calculating for data=02-2c-08-18-00-17-0d-00-00-31-c1-a1-00-f0-b9-f0-b9-00-05-00-02-ff-02-03-02-00-01-00
2019-04-19 09:58:16,241 [Crc:DEBUG] fcs=0x10c0
2019-04-19 09:58:16,241 [Hdlc:DEBUG] 
packetToSend:
 - payload: 02 2c 08 18 00 17 0d 00 00 31 c1 a1 00 f0 b9 f0 b9 00 05 00 02 ff 02 03 02 00 01 00
 - fcs:     10 c0
 - valid:   True
2019-04-19 09:58:16,249 [Crc:DEBUG] calculating for data=03-2c-08-05-00-00-00-00-02
2019-04-19 09:58:16,250 [Crc:DEBUG] fcs=0x b 3
2019-04-19 09:58:16,250 [Hdlc:DEBUG] 
receivedFrame:
 - payload: 03 2c 08 05 00 00 00 00 02
 - fcs:     0b 03
 - valid:   True
2019-04-19 09:58:16,250 [SerialConnector:DEBUG] cmdId=44 length=5 isResponse=True packetId=8 payload=[0, 0, 0, 0, 2]
2019-04-19 09:58:16,250 [SerialConnector:DEBUG] <--------- pcToMote ACK (8) after 0.009 --------
2019-04-19 09:58:16,250 [SerialConnector:DEBUG] no ack needed
2019-04-19 09:58:16,250 [ByteArraySerializer:DEBUG] deserialize ...
- type:             command
- id:               44
- byteArray:        00-00-00-00-02
2019-04-19 09:58:16,250 [ByteArraySerializer:DEBUG] ... deserialized into
- nameArray:        ['sendData']
- returnFields:     {'callbackId': 2, 'RC': 0}
2019-04-19 09:58:16,255 [Crc:DEBUG] calculating for data=02-14-02-0b-01-00-00-00-02-0c-00-00-00-02-00
2019-04-19 09:58:16,255 [Crc:DEBUG] fcs=0x816f
2019-04-19 09:58:16,255 [Hdlc:DEBUG] 
receivedFrame:
 - payload: 02 14 02 0b 01 00 00 00 02 0c 00 00 00 02 00
 - fcs:     81 6f
 - valid:   True
2019-04-19 09:58:16,255 [SerialConnector:DEBUG] cmdId=20 length=11 isResponse=False packetId=2 payload=[1, 0, 0, 0, 2, 12, 0, 0, 0, 2, 0]
2019-04-19 09:58:16,255 [SerialConnector:DEBUG] <--------- moteToPc DATA (2) ----------
2019-04-19 09:58:16,255 [SerialConnector:DEBUG] _sendInternal cmdId=20 retry=0 isResponse=True serializedFields=[0]
2019-04-19 09:58:16,256 [Crc:DEBUG] calculating for data=03-14-02-01-00
2019-04-19 09:58:16,256 [Crc:DEBUG] fcs=0x96cf
2019-04-19 09:58:16,256 [Hdlc:DEBUG] 
packetToSend:
 - payload: 03 14 02 01 00
 - fcs:     96 cf
 - valid:   True
2019-04-19 09:58:16,256 [SerialConnector:DEBUG] ---------- moteToPc ACK (2) after 0.001 ------->
2019-04-19 09:58:16,256 [SerialConnector:DEBUG] ack sent
2019-04-19 09:58:16,256 [ByteArraySerializer:DEBUG] deserialize ...
- type:             notification
- id:               20
- byteArray:        01-00-00-00-02-0c-00-00-00-02-00
2019-04-19 09:58:16,256 [ByteArraySerializer:DEBUG] ... deserialized into
- nameArray:        ['notification', 'notifEvent', 'eventPacketSent']
- returnFields:     {'eventId': 2, 'callbackId': 2, 'rc': 0}
2019-04-19 09:58:16,257 [App:DEBUG] notifClient._eventCallback eventPacketSent Tuple_eventPacketSent(eventId=2, callbackId=2, rc=0)
2019-04-19 09:58:17,495 [Crc:DEBUG] calculating for data=00-14-00-21-04-00-00-00-00-3d-22-70-6d-00-08-5d-9a-00-17-0d-00-00-31-c1-a1-f0-b9-f0-b9-07-20-02-00-ff-02-03-02
2019-04-19 09:58:17,495 [Crc:DEBUG] fcs=0xe996
2019-04-19 09:58:17,496 [Hdlc:DEBUG] 
receivedFrame:
 - payload: 00 14 00 21 04 00 00 00 00 3d 22 70 6d 00 08 5d 9a 00 17 0d 00 00 31 c1 a1 f0 b9 f0 b9 07 20 02 00 ff 02 03 02
 - fcs:     e9 96
 - valid:   True
2019-04-19 09:58:17,496 [SerialConnector:DEBUG] cmdId=20 length=33 isResponse=False packetId=0 payload=[4, 0, 0, 0, 0, 61, 34, 112, 109, 0, 8, 93, 154, 0, 23, 13, 0, 0, 49, 193, 161, 240, 185, 240, 185, 7, 32, 2, 0, 255, 2, 3, 2]
2019-04-19 09:58:17,496 [SerialConnector:DEBUG] <--------- moteToPc DATA (0) ----------
2019-04-19 09:58:17,496 [SerialConnector:DEBUG] no ack needed
2019-04-19 09:58:17,497 [ByteArraySerializer:DEBUG] deserialize ...
- type:             notification
- id:               20
- byteArray:        04-00-00-00-00-3d-22-70-6d-00-08-5d-9a-00-17-0d-00-00-31-c1-a1-f0-b9-f0-b9-07-20-02-00-ff-02-03-02
2019-04-19 09:58:17,497 [ByteArraySerializer:DEBUG] ... deserialized into
- nameArray:        ['notification', 'notifData']
- returnFields:     {'macAddress': [0, 23, 13, 0, 0, 49, 193, 161], 'srcPort': 61625, 'utcUsecs': 548250, 'utcSecs': 1025667181, 'dstPort': 61625, 'data': [7, 32, 2, 0, 255, 2, 3, 2]}
2019-04-19 09:58:17,497 [App:DEBUG] notifClient._dataCallback notifData:
Tuple_notifData:
             utcSecs: 1025667181
            utcUsecs: 548250
          macAddress: 00-17-0d-00-00-31-c1-a1
             srcPort: 61625
             dstPort: 61625
                data: 07-20-02-00-ff-02-03-02
2019-04-19 09:58:17,701 [ByteArraySerializer:DEBUG] serialize ...
- commandArray:     ['getTime']
- fieldsToFill:     {}
2019-04-19 09:58:17,702 [ByteArraySerializer:DEBUG] ... serialize into
- cmdId:            23
- byteArray:        
2019-04-19 09:58:17,702 [SerialConnector:DEBUG] _sendInternal cmdId=23 retry=0 isResponse=False serializedFields=[]
2019-04-19 09:58:17,702 [SerialConnector:DEBUG] ---------- pcToMote DATA (9) ---------->
2019-04-19 09:58:17,702 [Crc:DEBUG] calculating for data=02-17-09-00
2019-04-19 09:58:17,702 [Crc:DEBUG] fcs=0x201b
2019-04-19 09:58:17,703 [Hdlc:DEBUG] 
packetToSend:
 - payload: 02 17 09 00
 - fcs:     20 1b
 - valid:   True
2019-04-19 09:58:17,709 [Crc:DEBUG] calculating for data=03-17-09-18-00-00-00-07-bf-00-00-00-00-3d-22-70-6e-00-08-20-2c-00-00-04-2c-2c-15-94
2019-04-19 09:58:17,709 [Crc:DEBUG] fcs=0xbdf7
2019-04-19 09:58:17,709 [Hdlc:DEBUG] 
receivedFrame:
 - payload: 03 17 09 18 00 00 00 07 bf 00 00 00 00 3d 22 70 6e 00 08 20 2c 00 00 04 2c 2c 15 94
 - fcs:     bd f7
 - valid:   True
2019-04-19 09:58:17,710 [SerialConnector:DEBUG] cmdId=23 length=24 isResponse=True packetId=9 payload=[0, 0, 0, 7, 191, 0, 0, 0, 0, 61, 34, 112, 110, 0, 8, 32, 44, 0, 0, 4, 44, 44, 21, 148]
2019-04-19 09:58:17,710 [SerialConnector:DEBUG] <--------- pcToMote ACK (9) after 0.008 --------
2019-04-19 09:58:17,710 [SerialConnector:DEBUG] no ack needed
2019-04-19 09:58:17,710 [ByteArraySerializer:DEBUG] deserialize ...
- type:             command
- id:               23
- byteArray:        00-00-00-07-bf-00-00-00-00-3d-22-70-6e-00-08-20-2c-00-00-04-2c-2c-15-94
2019-04-19 09:58:17,711 [ByteArraySerializer:DEBUG] ... deserialized into
- nameArray:        ['getTime']
- returnFields:     {'uptime': 1983, 'utcUsecs': 532524, 'utcSecs': 1025667182, 'asnOffset': 5524, 'RC': 0, 'asn': [0, 0, 4, 44, 44]}
2019-04-19 09:58:17,719 [LatencyCalculator:INFO] Acquired time: lockNetworkTime=1025667182.53 lockPcTime=1555660697.7
2019-04-19 09:58:18,411 [Crc:DEBUG] calculating for data=00-14-00-34-04-00-00-00-00-3d-22-70-6e-00-02-66-42-00-17-0d-00-00-31-c1-a1-f0-b9-f0-b9-00-02-05-00-ff-01-05-00-00-00-00-3d-22-70-6e-00-02-7d-cf-00-00-75-30-01-10-09-b0
2019-04-19 09:58:18,412 [Crc:DEBUG] fcs=0x5ef8
2019-04-19 09:58:18,412 [Hdlc:DEBUG] 
receivedFrame:
 - payload: 00 14 00 34 04 00 00 00 00 3d 22 70 6e 00 02 66 42 00 17 0d 00 00 31 c1 a1 f0 b9 f0 b9 00 02 05 00 ff 01 05 00 00 00 00 3d 22 70 6e 00 02 7d cf 00 00 75 30 01 10 09 b0
 - fcs:     5e f8
 - valid:   True
2019-04-19 09:58:18,412 [SerialConnector:DEBUG] cmdId=20 length=52 isResponse=False packetId=0 payload=[4, 0, 0, 0, 0, 61, 34, 112, 110, 0, 2, 102, 66, 0, 23, 13, 0, 0, 49, 193, 161, 240, 185, 240, 185, 0, 2, 5, 0, 255, 1, 5, 0, 0, 0, 0, 61, 34, 112, 110, 0, 2, 125, 207, 0, 0, 117, 48, 1, 16, 9, 176]
2019-04-19 09:58:18,412 [SerialConnector:DEBUG] <--------- moteToPc DATA (0) ----------
2019-04-19 09:58:18,413 [SerialConnector:DEBUG] no ack needed
2019-04-19 09:58:18,413 [ByteArraySerializer:DEBUG] deserialize ...
- type:             notification
- id:               20
- byteArray:        04-00-00-00-00-3d-22-70-6e-00-02-66-42-00-17-0d-00-00-31-c1-a1-f0-b9-f0-b9-00-02-05-00-ff-01-05-00-00-00-00-3d-22-70-6e-00-02-7d-cf-00-00-75-30-01-10-09-b0
2019-04-19 09:58:18,413 [ByteArraySerializer:DEBUG] ... deserialized into
- nameArray:        ['notification', 'notifData']
- returnFields:     {'macAddress': [0, 23, 13, 0, 0, 49, 193, 161], 'srcPort': 61625, 'utcUsecs': 157250, 'utcSecs': 1025667182, 'dstPort': 61625, 'data': [0, 2, 5, 0, 255, 1, 5, 0, 0, 0, 0, 61, 34, 112, 110, 0, 2, 125, 207, 0, 0, 117, 48, 1, 16, 9, 176]}
2019-04-19 09:58:18,414 [App:DEBUG] notifClient._dataCallback notifData:
Tuple_notifData:
             utcSecs: 1025667182
            utcUsecs: 157250
          macAddress: 00-17-0d-00-00-31-c1-a1
             srcPort: 61625
             dstPort: 61625
                data: 00-02-05-00-ff-01-05-00-00-00-00-3d-22-70-6e-00-02-7d-cf-00-00-75-30-01-10-09-b0
2019-04-19 09:58:23,600 [ByteArraySerializer:DEBUG] serialize ...
- commandArray:     ['sendData']
- fieldsToFill:     {'macAddress': (0, 23, 13, 0, 0, 49, 204, 64), 'srcPort': 61625, 'priority': 0, 'dstPort': 61625, 'data': [5, 0, 2, 255, 2, 3, 2, 0, 1, 1], 'options': 0}
2019-04-19 09:58:23,600 [ByteArraySerializer:DEBUG] ... serialize into
- cmdId:            44
- byteArray:        00-17-0d-00-00-31-cc-40-00-f0-b9-f0-b9-00-05-00-02-ff-02-03-02-00-01-01
2019-04-19 09:58:23,600 [SerialConnector:DEBUG] _sendInternal cmdId=44 retry=0 isResponse=False serializedFields=[0, 23, 13, 0, 0, 49, 204, 64, 0, 240, 185, 240, 185, 0, 5, 0, 2, 255, 2, 3, 2, 0, 1, 1]
2019-04-19 09:58:23,601 [SerialConnector:DEBUG] ---------- pcToMote DATA (10) ---------->
2019-04-19 09:58:23,601 [Crc:DEBUG] calculating for data=02-2c-0a-18-00-17-0d-00-00-31-cc-40-00-f0-b9-f0-b9-00-05-00-02-ff-02-03-02-00-01-01
2019-04-19 09:58:23,601 [Crc:DEBUG] fcs=0x6eda
2019-04-19 09:58:23,601 [Hdlc:DEBUG] 
packetToSend:
 - payload: 02 2c 0a 18 00 17 0d 00 00 31 cc 40 00 f0 b9 f0 b9 00 05 00 02 ff 02 03 02 00 01 01
 - fcs:     6e da
 - valid:   True
2019-04-19 09:58:23,609 [Crc:DEBUG] calculating for data=03-2c-0a-05-00-00-00-00-03
2019-04-19 09:58:23,610 [Crc:DEBUG] fcs=0x3925
2019-04-19 09:58:23,610 [Hdlc:DEBUG] 
receivedFrame:
 - payload: 03 2c 0a 05 00 00 00 00 03
 - fcs:     39 25
 - valid:   True
2019-04-19 09:58:23,610 [SerialConnector:DEBUG] cmdId=44 length=5 isResponse=True packetId=10 payload=[0, 0, 0, 0, 3]
2019-04-19 09:58:23,610 [SerialConnector:DEBUG] <--------- pcToMote ACK (10) after 0.009 --------
2019-04-19 09:58:23,610 [SerialConnector:DEBUG] no ack needed
2019-04-19 09:58:23,610 [ByteArraySerializer:DEBUG] deserialize ...
- type:             command
- id:               44
- byteArray:        00-00-00-00-03
2019-04-19 09:58:23,611 [ByteArraySerializer:DEBUG] ... deserialized into
- nameArray:        ['sendData']
- returnFields:     {'callbackId': 3, 'RC': 0}
2019-04-19 09:58:23,617 [Crc:DEBUG] calculating for data=02-14-03-0b-01-00-00-00-03-0c-00-00-00-03-00
2019-04-19 09:58:23,617 [Crc:DEBUG] fcs=0x21ec
2019-04-19 09:58:23,617 [Hdlc:DEBUG] 
receivedFrame:
 - payload: 02 14 03 0b 01 00 00 00 03 0c 00 00 00 03 00
 - fcs:     21 ec
 - valid:   True
2019-04-19 09:58:23,617 [SerialConnector:DEBUG] cmdId=20 length=11 isResponse=False packetId=3 payload=[1, 0, 0, 0, 3, 12, 0, 0, 0, 3, 0]
2019-04-19 09:58:23,618 [SerialConnector:DEBUG] <--------- moteToPc DATA (3) ----------
2019-04-19 09:58:23,618 [SerialConnector:DEBUG] _sendInternal cmdId=20 retry=0 isResponse=True serializedFields=[0]
2019-04-19 09:58:23,618 [Crc:DEBUG] calculating for data=03-14-03-01-00
2019-04-19 09:58:23,619 [Crc:DEBUG] fcs=0x4a95
2019-04-19 09:58:23,619 [Hdlc:DEBUG] 
packetToSend:
 - payload: 03 14 03 01 00
 - fcs:     4a 95
 - valid:   True
2019-04-19 09:58:23,620 [SerialConnector:DEBUG] ---------- moteToPc ACK (3) after 0.001 ------->
2019-04-19 09:58:23,620 [SerialConnector:DEBUG] ack sent
2019-04-19 09:58:23,620 [ByteArraySerializer:DEBUG] deserialize ...
- type:             notification
- id:               20
- byteArray:        01-00-00-00-03-0c-00-00-00-03-00
2019-04-19 09:58:23,621 [ByteArraySerializer:DEBUG] ... deserialized into
- nameArray:        ['notification', 'notifEvent', 'eventPacketSent']
- returnFields:     {'eventId': 3, 'callbackId': 3, 'rc': 0}
2019-04-19 09:58:23,621 [App:DEBUG] notifClient._eventCallback eventPacketSent Tuple_eventPacketSent(eventId=3, callbackId=3, rc=0)
2019-04-19 09:58:25,832 [Crc:DEBUG] calculating for data=00-14-00-21-04-00-00-00-00-3d-22-70-74-00-08-dc-8e-00-17-0d-00-00-31-cc-40-f0-b9-f0-b9-07-10-02-00-ff-02-03-02
2019-04-19 09:58:25,833 [Crc:DEBUG] fcs=0xd656
2019-04-19 09:58:25,833 [Hdlc:DEBUG] 
receivedFrame:
 - payload: 00 14 00 21 04 00 00 00 00 3d 22 70 74 00 08 dc 8e 00 17 0d 00 00 31 cc 40 f0 b9 f0 b9 07 10 02 00 ff 02 03 02
 - fcs:     d6 56
 - valid:   True
2019-04-19 09:58:25,833 [SerialConnector:DEBUG] cmdId=20 length=33 isResponse=False packetId=0 payload=[4, 0, 0, 0, 0, 61, 34, 112, 116, 0, 8, 220, 142, 0, 23, 13, 0, 0, 49, 204, 64, 240, 185, 240, 185, 7, 16, 2, 0, 255, 2, 3, 2]
2019-04-19 09:58:25,833 [SerialConnector:DEBUG] <--------- moteToPc DATA (0) ----------
2019-04-19 09:58:25,834 [SerialConnector:DEBUG] no ack needed
2019-04-19 09:58:25,834 [ByteArraySerializer:DEBUG] deserialize ...
- type:             notification
- id:               20
- byteArray:        04-00-00-00-00-3d-22-70-74-00-08-dc-8e-00-17-0d-00-00-31-cc-40-f0-b9-f0-b9-07-10-02-00-ff-02-03-02
2019-04-19 09:58:25,834 [ByteArraySerializer:DEBUG] ... deserialized into
- nameArray:        ['notification', 'notifData']
- returnFields:     {'macAddress': [0, 23, 13, 0, 0, 49, 204, 64], 'srcPort': 61625, 'utcUsecs': 580750, 'utcSecs': 1025667188, 'dstPort': 61625, 'data': [7, 16, 2, 0, 255, 2, 3, 2]}
2019-04-19 09:58:25,835 [App:DEBUG] notifClient._dataCallback notifData:
Tuple_notifData:
             utcSecs: 1025667188
            utcUsecs: 580750
          macAddress: 00-17-0d-00-00-31-cc-40
             srcPort: 61625
             dstPort: 61625
                data: 07-10-02-00-ff-02-03-02
2019-04-19 09:58:27,730 [ByteArraySerializer:DEBUG] serialize ...
- commandArray:     ['getTime']
- fieldsToFill:     {}
2019-04-19 09:58:27,730 [ByteArraySerializer:DEBUG] ... serialize into
- cmdId:            23
- byteArray:        
2019-04-19 09:58:27,731 [SerialConnector:DEBUG] _sendInternal cmdId=23 retry=0 isResponse=False serializedFields=[]
2019-04-19 09:58:27,731 [SerialConnector:DEBUG] ---------- pcToMote DATA (11) ---------->
2019-04-19 09:58:27,731 [Crc:DEBUG] calculating for data=02-17-0b-00
2019-04-19 09:58:27,731 [Crc:DEBUG] fcs=0x9028
2019-04-19 09:58:27,731 [Hdlc:DEBUG] 
packetToSend:
 - payload: 02 17 0b 00
 - fcs:     90 28
 - valid:   True
2019-04-19 09:58:27,738 [Crc:DEBUG] calculating for data=03-17-0b-18-00-00-00-07-c9-00-00-00-00-3d-22-70-78-00-08-91-5d-00-00-04-31-94-01-f5
2019-04-19 09:58:27,738 [Crc:DEBUG] fcs=0x5e60
2019-04-19 09:58:27,738 [Hdlc:DEBUG] 
receivedFrame:
 - payload: 03 17 0b 18 00 00 00 07 c9 00 00 00 00 3d 22 70 78 00 08 91 5d 00 00 04 31 94 01 f5
 - fcs:     5e 60
 - valid:   True
2019-04-19 09:58:27,738 [SerialConnector:DEBUG] cmdId=23 length=24 isResponse=True packetId=11 payload=[0, 0, 0, 7, 201, 0, 0, 0, 0, 61, 34, 112, 120, 0, 8, 145, 93, 0, 0, 4, 49, 148, 1, 245]
2019-04-19 09:58:27,739 [SerialConnector:DEBUG] <--------- pcToMote ACK (11) after 0.008 --------
2019-04-19 09:58:27,739 [SerialConnector:DEBUG] no ack needed
2019-04-19 09:58:27,739 [ByteArraySerializer:DEBUG] deserialize ...
- type:             command
- id:               23
- byteArray:        00-00-00-07-c9-00-00-00-00-3d-22-70-78-00-08-91-5d-00-00-04-31-94-01-f5
2019-04-19 09:58:27,740 [ByteArraySerializer:DEBUG] ... deserialized into
- nameArray:        ['getTime']
- returnFields:     {'uptime': 1993, 'utcUsecs': 561501, 'utcSecs': 1025667192, 'asnOffset': 501, 'RC': 0, 'asn': [0, 0, 4, 49, 148]}
2019-04-19 09:58:27,748 [LatencyCalculator:INFO] Acquired time: lockNetworkTime=1025667192.56 lockPcTime=1555660707.73
2019-04-19 09:58:29,860 [ByteArraySerializer:DEBUG] serialize ...
- commandArray:     ['sendData']
- fieldsToFill:     {'macAddress': (0, 23, 13, 0, 0, 49, 204, 64), 'srcPort': 61625, 'priority': 0, 'dstPort': 61625, 'data': [5, 0, 2, 255, 2, 3, 2, 0, 1, 0], 'options': 0}
2019-04-19 09:58:29,860 [ByteArraySerializer:DEBUG] ... serialize into
- cmdId:            44
- byteArray:        00-17-0d-00-00-31-cc-40-00-f0-b9-f0-b9-00-05-00-02-ff-02-03-02-00-01-00
2019-04-19 09:58:29,860 [SerialConnector:DEBUG] _sendInternal cmdId=44 retry=0 isResponse=False serializedFields=[0, 23, 13, 0, 0, 49, 204, 64, 0, 240, 185, 240, 185, 0, 5, 0, 2, 255, 2, 3, 2, 0, 1, 0]
2019-04-19 09:58:29,861 [SerialConnector:DEBUG] ---------- pcToMote DATA (12) ---------->
2019-04-19 09:58:29,861 [Crc:DEBUG] calculating for data=02-2c-0c-18-00-17-0d-00-00-31-cc-40-00-f0-b9-f0-b9-00-05-00-02-ff-02-03-02-00-01-00
2019-04-19 09:58:29,861 [Crc:DEBUG] fcs=0x2574
2019-04-19 09:58:29,861 [Hdlc:DEBUG] 
packetToSend:
 - payload: 02 2c 0c 18 00 17 0d 00 00 31 cc 40 00 f0 b9 f0 b9 00 05 00 02 ff 02 03 02 00 01 00
 - fcs:     25 74
 - valid:   True
2019-04-19 09:58:29,869 [Crc:DEBUG] calculating for data=03-2c-0c-05-00-00-00-00-04
2019-04-19 09:58:29,870 [Crc:DEBUG] fcs=0x4b 9
2019-04-19 09:58:29,870 [Hdlc:DEBUG] 
receivedFrame:
 - payload: 03 2c 0c 05 00 00 00 00 04
 - fcs:     4b 09
 - valid:   True
2019-04-19 09:58:29,870 [SerialConnector:DEBUG] cmdId=44 length=5 isResponse=True packetId=12 payload=[0, 0, 0, 0, 4]
2019-04-19 09:58:29,870 [SerialConnector:DEBUG] <--------- pcToMote ACK (12) after 0.009 --------
2019-04-19 09:58:29,870 [SerialConnector:DEBUG] no ack needed
2019-04-19 09:58:29,870 [ByteArraySerializer:DEBUG] deserialize ...
- type:             command
- id:               44
- byteArray:        00-00-00-00-04
2019-04-19 09:58:29,871 [ByteArraySerializer:DEBUG] ... deserialized into
- nameArray:        ['sendData']
- returnFields:     {'callbackId': 4, 'RC': 0}
2019-04-19 09:58:29,875 [Crc:DEBUG] calculating for data=02-14-04-0b-01-00-00-00-04-0c-00-00-00-04-00
2019-04-19 09:58:29,875 [Crc:DEBUG] fcs=0x727e
2019-04-19 09:58:29,875 [Hdlc:DEBUG] 
receivedFrame:
 - payload: 02 14 04 0b 01 00 00 00 04 0c 00 00 00 04 00
 - fcs:     72 7e
 - valid:   True
2019-04-19 09:58:29,875 [SerialConnector:DEBUG] cmdId=20 length=11 isResponse=False packetId=4 payload=[1, 0, 0, 0, 4, 12, 0, 0, 0, 4, 0]
2019-04-19 09:58:29,875 [SerialConnector:DEBUG] <--------- moteToPc DATA (4) ----------
2019-04-19 09:58:29,876 [SerialConnector:DEBUG] _sendInternal cmdId=20 retry=0 isResponse=True serializedFields=[0]
2019-04-19 09:58:29,876 [Crc:DEBUG] calculating for data=03-14-04-01-00
2019-04-19 09:58:29,876 [Crc:DEBUG] fcs=0x4f19
2019-04-19 09:58:29,876 [Hdlc:DEBUG] 
packetToSend:
 - payload: 03 14 04 01 00
 - fcs:     4f 19
 - valid:   True
2019-04-19 09:58:29,876 [SerialConnector:DEBUG] ---------- moteToPc ACK (4) after 0.001 ------->
2019-04-19 09:58:29,876 [SerialConnector:DEBUG] ack sent
2019-04-19 09:58:29,877 [ByteArraySerializer:DEBUG] deserialize ...
- type:             notification
- id:               20
- byteArray:        01-00-00-00-04-0c-00-00-00-04-00
2019-04-19 09:58:29,877 [ByteArraySerializer:DEBUG] ... deserialized into
- nameArray:        ['notification', 'notifEvent', 'eventPacketSent']
- returnFields:     {'eventId': 4, 'callbackId': 4, 'rc': 0}
2019-04-19 09:58:29,877 [App:DEBUG] notifClient._eventCallback eventPacketSent Tuple_eventPacketSent(eventId=4, callbackId=4, rc=0)
2019-04-19 09:58:33,256 [Crc:DEBUG] calculating for data=00-14-00-21-04-00-00-00-00-3d-22-70-7c-00-00-12-8e-00-17-0d-00-00-31-cc-40-f0-b9-f0-b9-07-20-02-00-ff-02-03-02
2019-04-19 09:58:33,256 [Crc:DEBUG] fcs=0x6556
2019-04-19 09:58:33,257 [Hdlc:DEBUG] 
receivedFrame:
 - payload: 00 14 00 21 04 00 00 00 00 3d 22 70 7c 00 00 12 8e 00 17 0d 00 00 31 cc 40 f0 b9 f0 b9 07 20 02 00 ff 02 03 02
 - fcs:     65 56
 - valid:   True
2019-04-19 09:58:33,257 [SerialConnector:DEBUG] cmdId=20 length=33 isResponse=False packetId=0 payload=[4, 0, 0, 0, 0, 61, 34, 112, 124, 0, 0, 18, 142, 0, 23, 13, 0, 0, 49, 204, 64, 240, 185, 240, 185, 7, 32, 2, 0, 255, 2, 3, 2]
2019-04-19 09:58:33,257 [SerialConnector:DEBUG] <--------- moteToPc DATA (0) ----------
2019-04-19 09:58:33,257 [SerialConnector:DEBUG] no ack needed
2019-04-19 09:58:33,258 [ByteArraySerializer:DEBUG] deserialize ...
- type:             notification
- id:               20
- byteArray:        04-00-00-00-00-3d-22-70-7c-00-00-12-8e-00-17-0d-00-00-31-cc-40-f0-b9-f0-b9-07-20-02-00-ff-02-03-02
2019-04-19 09:58:33,258 [ByteArraySerializer:DEBUG] ... deserialized into
- nameArray:        ['notification', 'notifData']
- returnFields:     {'macAddress': [0, 23, 13, 0, 0, 49, 204, 64], 'srcPort': 61625, 'utcUsecs': 4750, 'utcSecs': 1025667196, 'dstPort': 61625, 'data': [7, 32, 2, 0, 255, 2, 3, 2]}
2019-04-19 09:58:33,258 [App:DEBUG] notifClient._dataCallback notifData:
Tuple_notifData:
             utcSecs: 1025667196
            utcUsecs: 4750
          macAddress: 00-17-0d-00-00-31-cc-40
             srcPort: 61625
             dstPort: 61625
                data: 07-20-02-00-ff-02-03-02
2019-04-19 09:58:37,759 [ByteArraySerializer:DEBUG] serialize ...
- commandArray:     ['getTime']
- fieldsToFill:     {}
2019-04-19 09:58:37,760 [ByteArraySerializer:DEBUG] ... serialize into
- cmdId:            23
- byteArray:        
2019-04-19 09:58:37,760 [SerialConnector:DEBUG] _sendInternal cmdId=23 retry=0 isResponse=False serializedFields=[]
2019-04-19 09:58:37,760 [SerialConnector:DEBUG] ---------- pcToMote DATA (13) ---------->
2019-04-19 09:58:37,760 [Crc:DEBUG] calculating for data=02-17-0d-00
2019-04-19 09:58:37,761 [Crc:DEBUG] fcs=0x407c
2019-04-19 09:58:37,761 [Hdlc:DEBUG] 
packetToSend:
 - payload: 02 17 0d 00
 - fcs:     40 7c
 - valid:   True
2019-04-19 09:58:37,767 [Crc:DEBUG] calculating for data=03-17-0d-18-00-00-00-07-d3-00-00-00-00-3d-22-70-82-00-09-04-a4-00-00-04-36-fb-0c-be
2019-04-19 09:58:37,768 [Crc:DEBUG] fcs=0x352f
2019-04-19 09:58:37,768 [Hdlc:DEBUG] 
receivedFrame:
 - payload: 03 17 0d 18 00 00 00 07 d3 00 00 00 00 3d 22 70 82 00 09 04 a4 00 00 04 36 fb 0c be
 - fcs:     35 2f
 - valid:   True
2019-04-19 09:58:37,768 [SerialConnector:DEBUG] cmdId=23 length=24 isResponse=True packetId=13 payload=[0, 0, 0, 7, 211, 0, 0, 0, 0, 61, 34, 112, 130, 0, 9, 4, 164, 0, 0, 4, 54, 251, 12, 190]
2019-04-19 09:58:37,768 [SerialConnector:DEBUG] <--------- pcToMote ACK (13) after 0.008 --------
2019-04-19 09:58:37,769 [SerialConnector:DEBUG] no ack needed
2019-04-19 09:58:37,769 [ByteArraySerializer:DEBUG] deserialize ...
- type:             command
- id:               23
- byteArray:        00-00-00-07-d3-00-00-00-00-3d-22-70-82-00-09-04-a4-00-00-04-36-fb-0c-be
2019-04-19 09:58:37,769 [ByteArraySerializer:DEBUG] ... deserialized into
- nameArray:        ['getTime']
- returnFields:     {'uptime': 2003, 'utcUsecs': 591012, 'utcSecs': 1025667202, 'asnOffset': 3262, 'RC': 0, 'asn': [0, 0, 4, 54, 251]}
2019-04-19 09:58:37,777 [LatencyCalculator:INFO] Acquired time: lockNetworkTime=1025667202.59 lockPcTime=1555660717.76
2019-04-19 09:58:38,129 [Hdlc:INFO] disconnect
2019-04-19 09:58:38,130 [LatencyCalculator:WARNING] disconnect function called
2019-04-19 09:58:38,130 [SerialConnector:INFO] hdlc notification: connection state=False
2019-04-19 09:58:38,131 [Hdlc:INFO] thread ended
2019-04-19 13:56:11,122 [App:DEBUG] Starting TempMonitorGui
2019-04-19 13:56:13,931 [App:DEBUG] _apiFrameCb_apiLoaded
2019-04-19 13:56:23,295 [SerialConnector:INFO] creating object
2019-04-19 13:56:23,296 [Hdlc:INFO] Creating object
2019-04-19 13:56:23,297 [Hdlc:INFO] opened port /dev/ttyUSB3@115200baud
2019-04-19 13:56:23,297 [SerialConnector:INFO] hdlc notification: connection state=True
2019-04-19 13:56:23,298 [Hdlc:INFO] thread started
2019-04-19 13:56:23,298 [ByteArraySerializer:DEBUG] serialize ...
- commandArray:     ['hello']
- fieldsToFill:     {'cliSeqNo': 255, 'version': 4, 'mode': 0}
2019-04-19 13:56:23,299 [ByteArraySerializer:DEBUG] ... serialize into
- cmdId:            1
- byteArray:        04-ff-00
2019-04-19 13:56:23,299 [SerialConnector:DEBUG] _sendInternal cmdId=1 retry=0 isResponse=False serializedFields=[4, 255, 0]
2019-04-19 13:56:23,300 [SerialConnector:DEBUG] ---------- pcToMote DATA (0) ---------->
2019-04-19 13:56:23,300 [Crc:DEBUG] calculating for data=00-01-00-03-04-ff-00
2019-04-19 13:56:23,300 [Crc:DEBUG] fcs=0x3731
2019-04-19 13:56:23,300 [Hdlc:DEBUG] 
packetToSend:
 - payload: 00 01 00 03 04 ff 00
 - fcs:     37 31
 - valid:   True
2019-04-19 13:56:23,304 [Crc:DEBUG] calculating for data=00-02-00-05-00-04-00-ff-00
2019-04-19 13:56:23,304 [Crc:DEBUG] fcs=0x2323
2019-04-19 13:56:23,304 [Hdlc:DEBUG] 
receivedFrame:
 - payload: 00 02 00 05 00 04 00 ff 00
 - fcs:     23 23
 - valid:   True
2019-04-19 13:56:23,304 [SerialConnector:DEBUG] cmdId=2 length=5 isResponse=False packetId=0 payload=[0, 4, 0, 255, 0]
2019-04-19 13:56:23,304 [SerialConnector:DEBUG] <--------- moteToPc DATA (0) ----------
2019-04-19 13:56:23,304 [SerialConnector:DEBUG] no ack needed
2019-04-19 13:56:23,304 [ByteArraySerializer:DEBUG] deserialize ...
- type:             command
- id:               2
- byteArray:        00-04-00-ff-00
2019-04-19 13:56:23,304 [ByteArraySerializer:DEBUG] ... deserialized into
- nameArray:        ['hello_response']
- returnFields:     {'cliSeqNo': 255, 'version': 4, 'successCode': 0, 'mgrSeqNo': 0, 'mode': 0}
2019-04-19 13:56:23,307 [App:DEBUG] _connectionFrameCb_connected
2019-04-19 13:56:23,308 [App:DEBUG] Initialize notifClient
2019-04-19 13:56:23,308 [ByteArraySerializer:DEBUG] serialize ...
- commandArray:     ['subscribe']
- fieldsToFill:     {'filter': [0, 16], 'unackFilter': [0, 16]}
2019-04-19 13:56:23,308 [ByteArraySerializer:DEBUG] ... serialize into
- cmdId:            22
- byteArray:        00-00-00-10-00-00-00-10
2019-04-19 13:56:23,308 [SerialConnector:DEBUG] _sendInternal cmdId=22 retry=0 isResponse=False serializedFields=[0, 0, 0, 16, 0, 0, 0, 16]
2019-04-19 13:56:23,308 [SerialConnector:DEBUG] ---------- pcToMote DATA (0) ---------->
2019-04-19 13:56:23,308 [Crc:DEBUG] calculating for data=02-16-00-08-00-00-00-10-00-00-00-10
2019-04-19 13:56:23,308 [Crc:DEBUG] fcs=0x5c3d
2019-04-19 13:56:23,308 [Hdlc:DEBUG] 
packetToSend:
 - payload: 02 16 00 08 00 00 00 10 00 00 00 10
 - fcs:     5c 3d
 - valid:   True
2019-04-19 13:56:23,312 [Crc:DEBUG] calculating for data=03-16-00-01-00
2019-04-19 13:56:23,312 [Crc:DEBUG] fcs=0x5843
2019-04-19 13:56:23,312 [Hdlc:DEBUG] 
receivedFrame:
 - payload: 03 16 00 01 00
 - fcs:     58 43
 - valid:   True
2019-04-19 13:56:23,312 [SerialConnector:DEBUG] cmdId=22 length=1 isResponse=True packetId=0 payload=[0]
2019-04-19 13:56:23,313 [SerialConnector:DEBUG] <--------- pcToMote ACK (0) after 0.004 --------
2019-04-19 13:56:23,313 [SerialConnector:DEBUG] no ack needed
2019-04-19 13:56:23,313 [ByteArraySerializer:DEBUG] deserialize ...
- type:             command
- id:               22
- byteArray:        00
2019-04-19 13:56:23,313 [ByteArraySerializer:DEBUG] ... deserialized into
- nameArray:        ['subscribe']
- returnFields:     {'RC': 0}
2019-04-19 13:56:23,316 [ByteArraySerializer:DEBUG] serialize ...
- commandArray:     ['subscribe']
- fieldsToFill:     {'filter': [0, 18], 'unackFilter': [0, 16]}
2019-04-19 13:56:23,316 [ByteArraySerializer:DEBUG] ... serialize into
- cmdId:            22
- byteArray:        00-00-00-12-00-00-00-10
2019-04-19 13:56:23,316 [SerialConnector:DEBUG] _sendInternal cmdId=22 retry=0 isResponse=False serializedFields=[0, 0, 0, 18, 0, 0, 0, 16]
2019-04-19 13:56:23,316 [SerialConnector:DEBUG] ---------- pcToMote DATA (1) ---------->
2019-04-19 13:56:23,316 [Crc:DEBUG] calculating for data=02-16-01-08-00-00-00-12-00-00-00-10
2019-04-19 13:56:23,316 [Crc:DEBUG] fcs=0xf3 7
2019-04-19 13:56:23,317 [Hdlc:DEBUG] 
packetToSend:
 - payload: 02 16 01 08 00 00 00 12 00 00 00 10
 - fcs:     f3 07
 - valid:   True
2019-04-19 13:56:23,320 [Crc:DEBUG] calculating for data=03-16-01-01-00
2019-04-19 13:56:23,321 [Crc:DEBUG] fcs=0x8419
2019-04-19 13:56:23,321 [Hdlc:DEBUG] 
receivedFrame:
 - payload: 03 16 01 01 00
 - fcs:     84 19
 - valid:   True
2019-04-19 13:56:23,321 [SerialConnector:DEBUG] cmdId=22 length=1 isResponse=True packetId=1 payload=[0]
2019-04-19 13:56:23,321 [SerialConnector:DEBUG] <--------- pcToMote ACK (1) after 0.005 --------
2019-04-19 13:56:23,321 [SerialConnector:DEBUG] no ack needed
2019-04-19 13:56:23,321 [ByteArraySerializer:DEBUG] deserialize ...
- type:             command
- id:               22
- byteArray:        00
2019-04-19 13:56:23,321 [ByteArraySerializer:DEBUG] ... deserialized into
- nameArray:        ['subscribe']
- returnFields:     {'RC': 0}
2019-04-19 13:56:23,324 [ByteArraySerializer:DEBUG] serialize ...
- commandArray:     ['getMoteConfig']
- fieldsToFill:     {'macAddress': (0, 0, 0, 0, 0, 0, 0, 0), 'next': True}
2019-04-19 13:56:23,325 [ByteArraySerializer:DEBUG] ... serialize into
- cmdId:            47
- byteArray:        00-00-00-00-00-00-00-00-01
2019-04-19 13:56:23,325 [SerialConnector:DEBUG] _sendInternal cmdId=47 retry=0 isResponse=False serializedFields=[0, 0, 0, 0, 0, 0, 0, 0, True]
2019-04-19 13:56:23,325 [SerialConnector:DEBUG] ---------- pcToMote DATA (2) ---------->
2019-04-19 13:56:23,325 [Crc:DEBUG] calculating for data=02-2f-02-09-00-00-00-00-00-00-00-00-01
2019-04-19 13:56:23,325 [Crc:DEBUG] fcs=0xd098
2019-04-19 13:56:23,325 [Hdlc:DEBUG] 
packetToSend:
 - payload: 02 2f 02 09 00 00 00 00 00 00 00 00 01
 - fcs:     d0 98
 - valid:   True
2019-04-19 13:56:23,331 [Crc:DEBUG] calculating for data=03-2f-02-0f-00-00-17-0d-00-00-38-06-d5-00-01-01-04-01-01
2019-04-19 13:56:23,332 [Crc:DEBUG] fcs=0x823c
2019-04-19 13:56:23,332 [Hdlc:DEBUG] 
receivedFrame:
 - payload: 03 2f 02 0f 00 00 17 0d 00 00 38 06 d5 00 01 01 04 01 01
 - fcs:     82 3c
 - valid:   True
2019-04-19 13:56:23,332 [SerialConnector:DEBUG] cmdId=47 length=15 isResponse=True packetId=2 payload=[0, 0, 23, 13, 0, 0, 56, 6, 213, 0, 1, 1, 4, 1, 1]
2019-04-19 13:56:23,332 [SerialConnector:DEBUG] <--------- pcToMote ACK (2) after 0.007 --------
2019-04-19 13:56:23,332 [SerialConnector:DEBUG] no ack needed
2019-04-19 13:56:23,332 [ByteArraySerializer:DEBUG] deserialize ...
- type:             command
- id:               47
- byteArray:        00-00-17-0d-00-00-38-06-d5-00-01-01-04-01-01
2019-04-19 13:56:23,333 [ByteArraySerializer:DEBUG] ... deserialized into
- nameArray:        ['getMoteConfig']
- returnFields:     {'macAddress': [0, 23, 13, 0, 0, 56, 6, 213], 'reserved': 1, 'state': 4, 'isRouting': True, 'RC': 0, 'moteId': 1, 'isAP': True}
2019-04-19 13:56:23,333 [ByteArraySerializer:DEBUG] serialize ...
- commandArray:     ['getMoteConfig']
- fieldsToFill:     {'macAddress': [0, 23, 13, 0, 0, 56, 6, 213], 'next': True}
2019-04-19 13:56:23,334 [ByteArraySerializer:DEBUG] ... serialize into
- cmdId:            47
- byteArray:        00-17-0d-00-00-38-06-d5-01
2019-04-19 13:56:23,334 [SerialConnector:DEBUG] _sendInternal cmdId=47 retry=0 isResponse=False serializedFields=[0, 23, 13, 0, 0, 56, 6, 213, True]
2019-04-19 13:56:23,334 [SerialConnector:DEBUG] ---------- pcToMote DATA (3) ---------->
2019-04-19 13:56:23,334 [Crc:DEBUG] calculating for data=02-2f-03-09-00-17-0d-00-00-38-06-d5-01
2019-04-19 13:56:23,334 [Crc:DEBUG] fcs=0x 87a
2019-04-19 13:56:23,334 [Hdlc:DEBUG] 
packetToSend:
 - payload: 02 2f 03 09 00 17 0d 00 00 38 06 d5 01
 - fcs:     08 7a
 - valid:   True
2019-04-19 13:56:23,340 [Crc:DEBUG] calculating for data=03-2f-03-0f-00-00-17-0d-00-00-31-cc-40-00-02-00-04-00-01
2019-04-19 13:56:23,340 [Crc:DEBUG] fcs=0xa24d
2019-04-19 13:56:23,340 [Hdlc:DEBUG] 
receivedFrame:
 - payload: 03 2f 03 0f 00 00 17 0d 00 00 31 cc 40 00 02 00 04 00 01
 - fcs:     a2 4d
 - valid:   True
2019-04-19 13:56:23,340 [SerialConnector:DEBUG] cmdId=47 length=15 isResponse=True packetId=3 payload=[0, 0, 23, 13, 0, 0, 49, 204, 64, 0, 2, 0, 4, 0, 1]
2019-04-19 13:56:23,341 [SerialConnector:DEBUG] <--------- pcToMote ACK (3) after 0.007 --------
2019-04-19 13:56:23,341 [SerialConnector:DEBUG] no ack needed
2019-04-19 13:56:23,341 [ByteArraySerializer:DEBUG] deserialize ...
- type:             command
- id:               47
- byteArray:        00-00-17-0d-00-00-31-cc-40-00-02-00-04-00-01
2019-04-19 13:56:23,341 [ByteArraySerializer:DEBUG] ... deserialized into
- nameArray:        ['getMoteConfig']
- returnFields:     {'macAddress': [0, 23, 13, 0, 0, 49, 204, 64], 'reserved': 0, 'state': 4, 'isRouting': True, 'RC': 0, 'moteId': 2, 'isAP': False}
2019-04-19 13:56:23,342 [ByteArraySerializer:DEBUG] serialize ...
- commandArray:     ['getMoteConfig']
- fieldsToFill:     {'macAddress': [0, 23, 13, 0, 0, 49, 204, 64], 'next': True}
2019-04-19 13:56:23,342 [ByteArraySerializer:DEBUG] ... serialize into
- cmdId:            47
- byteArray:        00-17-0d-00-00-31-cc-40-01
2019-04-19 13:56:23,342 [SerialConnector:DEBUG] _sendInternal cmdId=47 retry=0 isResponse=False serializedFields=[0, 23, 13, 0, 0, 49, 204, 64, True]
2019-04-19 13:56:23,343 [SerialConnector:DEBUG] ---------- pcToMote DATA (4) ---------->
2019-04-19 13:56:23,343 [Crc:DEBUG] calculating for data=02-2f-04-09-00-17-0d-00-00-31-cc-40-01
2019-04-19 13:56:23,343 [Crc:DEBUG] fcs=0x883d
2019-04-19 13:56:23,343 [Hdlc:DEBUG] 
packetToSend:
 - payload: 02 2f 04 09 00 17 0d 00 00 31 cc 40 01
 - fcs:     88 3d
 - valid:   True
2019-04-19 13:56:23,349 [Crc:DEBUG] calculating for data=03-2f-04-0f-00-00-17-0d-00-00-31-c1-a1-00-03-00-04-00-01
2019-04-19 13:56:23,349 [Crc:DEBUG] fcs=0x5b31
2019-04-19 13:56:23,349 [Hdlc:DEBUG] 
receivedFrame:
 - payload: 03 2f 04 0f 00 00 17 0d 00 00 31 c1 a1 00 03 00 04 00 01
 - fcs:     5b 31
 - valid:   True
2019-04-19 13:56:23,349 [SerialConnector:DEBUG] cmdId=47 length=15 isResponse=True packetId=4 payload=[0, 0, 23, 13, 0, 0, 49, 193, 161, 0, 3, 0, 4, 0, 1]
2019-04-19 13:56:23,349 [SerialConnector:DEBUG] <--------- pcToMote ACK (4) after 0.007 --------
2019-04-19 13:56:23,350 [SerialConnector:DEBUG] no ack needed
2019-04-19 13:56:23,350 [ByteArraySerializer:DEBUG] deserialize ...
- type:             command
- id:               47
- byteArray:        00-00-17-0d-00-00-31-c1-a1-00-03-00-04-00-01
2019-04-19 13:56:23,350 [ByteArraySerializer:DEBUG] ... deserialized into
- nameArray:        ['getMoteConfig']
- returnFields:     {'macAddress': [0, 23, 13, 0, 0, 49, 193, 161], 'reserved': 0, 'state': 4, 'isRouting': True, 'RC': 0, 'moteId': 3, 'isAP': False}
2019-04-19 13:56:23,351 [ByteArraySerializer:DEBUG] serialize ...
- commandArray:     ['getMoteConfig']
- fieldsToFill:     {'macAddress': [0, 23, 13, 0, 0, 49, 193, 161], 'next': True}
2019-04-19 13:56:23,351 [ByteArraySerializer:DEBUG] ... serialize into
- cmdId:            47
- byteArray:        00-17-0d-00-00-31-c1-a1-01
2019-04-19 13:56:23,351 [SerialConnector:DEBUG] _sendInternal cmdId=47 retry=0 isResponse=False serializedFields=[0, 23, 13, 0, 0, 49, 193, 161, True]
2019-04-19 13:56:23,351 [SerialConnector:DEBUG] ---------- pcToMote DATA (5) ---------->
2019-04-19 13:56:23,351 [Crc:DEBUG] calculating for data=02-2f-05-09-00-17-0d-00-00-31-c1-a1-01
2019-04-19 13:56:23,352 [Crc:DEBUG] fcs=0x2767
2019-04-19 13:56:23,352 [Hdlc:DEBUG] 
packetToSend:
 - payload: 02 2f 05 09 00 17 0d 00 00 31 c1 a1 01
 - fcs:     27 67
 - valid:   True
2019-04-19 13:56:23,356 [Crc:DEBUG] calculating for data=03-2f-05-01-0b
2019-04-19 13:56:23,356 [Crc:DEBUG] fcs=0xa771
2019-04-19 13:56:23,357 [Hdlc:DEBUG] 
receivedFrame:
 - payload: 03 2f 05 01 0b
 - fcs:     a7 71
 - valid:   True
2019-04-19 13:56:23,357 [SerialConnector:DEBUG] cmdId=47 length=1 isResponse=True packetId=5 payload=[11]
2019-04-19 13:56:23,357 [SerialConnector:DEBUG] <--------- pcToMote ACK (5) after 0.005 --------
2019-04-19 13:56:23,357 [SerialConnector:DEBUG] no ack needed
2019-04-19 13:56:23,357 [ByteArraySerializer:DEBUG] deserialize ...
- type:             command
- id:               47
- byteArray:        0b
2019-04-19 13:56:23,357 [ByteArraySerializer:DEBUG] ... deserialized into
- nameArray:        ['getMoteConfig']
- returnFields:     {'RC': 11}
2019-04-19 13:56:24,309 [ByteArraySerializer:DEBUG] serialize ...
- commandArray:     ['getTime']
- fieldsToFill:     {}
2019-04-19 13:56:24,309 [ByteArraySerializer:DEBUG] ... serialize into
- cmdId:            23
- byteArray:        
2019-04-19 13:56:24,309 [SerialConnector:DEBUG] _sendInternal cmdId=23 retry=0 isResponse=False serializedFields=[]
2019-04-19 13:56:24,309 [SerialConnector:DEBUG] ---------- pcToMote DATA (6) ---------->
2019-04-19 13:56:24,309 [Crc:DEBUG] calculating for data=02-17-06-00
2019-04-19 13:56:24,309 [Crc:DEBUG] fcs=0xe898
2019-04-19 13:56:24,310 [Hdlc:DEBUG] 
packetToSend:
 - payload: 02 17 06 00
 - fcs:     e8 98
 - valid:   True
2019-04-19 13:56:24,315 [Crc:DEBUG] calculating for data=03-17-06-18-00-00-00-3f-8e-00-00-00-00-3d-22-a8-3d-00-03-ee-a3-00-00-22-3d-c3-0f-6d
2019-04-19 13:56:24,315 [Crc:DEBUG] fcs=0x9be2
2019-04-19 13:56:24,316 [Hdlc:DEBUG] 
receivedFrame:
 - payload: 03 17 06 18 00 00 00 3f 8e 00 00 00 00 3d 22 a8 3d 00 03 ee a3 00 00 22 3d c3 0f 6d
 - fcs:     9b e2
 - valid:   True
2019-04-19 13:56:24,316 [SerialConnector:DEBUG] cmdId=23 length=24 isResponse=True packetId=6 payload=[0, 0, 0, 63, 142, 0, 0, 0, 0, 61, 34, 168, 61, 0, 3, 238, 163, 0, 0, 34, 61, 195, 15, 109]
2019-04-19 13:56:24,316 [SerialConnector:DEBUG] <--------- pcToMote ACK (6) after 0.006 --------
2019-04-19 13:56:24,316 [SerialConnector:DEBUG] no ack needed
2019-04-19 13:56:24,316 [ByteArraySerializer:DEBUG] deserialize ...
- type:             command
- id:               23
- byteArray:        00-00-00-3f-8e-00-00-00-00-3d-22-a8-3d-00-03-ee-a3-00-00-22-3d-c3-0f-6d
2019-04-19 13:56:24,316 [ByteArraySerializer:DEBUG] ... deserialized into
- nameArray:        ['getTime']
- returnFields:     {'uptime': 16270, 'utcUsecs': 257699, 'utcSecs': 1025681469, 'asnOffset': 3949, 'RC': 0, 'asn': [0, 0, 34, 61, 195]}
2019-04-19 13:56:24,317 [LatencyCalculator:INFO] Acquired time: lockNetworkTime=1025681469.26 lockPcTime=1555674984.31
2019-04-19 13:56:30,661 [Hdlc:INFO] disconnect
2019-04-19 13:56:30,661 [LatencyCalculator:WARNING] disconnect function called
2019-04-19 13:56:30,662 [SerialConnector:INFO] hdlc notification: connection state=False
2019-04-19 13:56:30,663 [Hdlc:INFO] thread ended
